c:\users\s191281\documents\github\project\temp\simon\x64\debug\vc141.pdb
c:\users\s191281\documents\github\project\temp\simon\x64\debug\vc141.idb
c:\users\s191281\documents\github\project\temp\simon\x64\debug\main.obj
c:\users\s191281\documents\github\project\temp\simon\x64\debug\simonapp.obj
c:\users\s191281\documents\github\project\temp\simon\x64\debug\simon.obj
c:\users\s191281\documents\github\project\temp\simon\x64\debug\controller.obj
c:\users\s191281\documents\github\project\temp\simon\x64\debug\colour_pattern.obj
c:\users\s191281\documents\github\project\temp\simon\x64\debug\hash_table.obj
c:\users\s191281\documents\github\project\temp\simon\x64\debug\simon.exe
c:\users\s191281\documents\github\project\temp\simon\x64\debug\simon.ilk
c:\users\s191281\documents\github\project\temp\simon\x64\debug\simon.pdb
c:\users\s191281\documents\github\project\temp\simon\x64\debug\dynamiclinkedlist.obj
c:\users\s191281\documents\github\project\temp\simon\x64\debug\simon.obj.enc
c:\users\s191281\documents\github\project\temp\simon\x64\debug\simonapp.obj.enc
c:\users\s191281\documents\github\project\temp\simon\x64\debug\simon.tlog\cl.command.1.tlog
c:\users\s191281\documents\github\project\temp\simon\x64\debug\simon.tlog\cl.read.1.tlog
c:\users\s191281\documents\github\project\temp\simon\x64\debug\simon.tlog\cl.write.1.tlog
c:\users\s191281\documents\github\project\temp\simon\x64\debug\simon.tlog\link.command.1.tlog
c:\users\s191281\documents\github\project\temp\simon\x64\debug\simon.tlog\link.read.1.tlog
c:\users\s191281\documents\github\project\temp\simon\x64\debug\simon.tlog\link.write.1.tlog
